<?xml version="1.0" encoding="UTF-8"?>
<!-- Generated by org.testng.reporters.JUnitReportReporter -->
<testsuite skipped="0" hostname="IN5CG5231V5S" name="org.testngPrac.Class2" tests="6" failures="0" timestamp="01 Feb 2019 06:42:35 GMT" time="0.081" errors="0">
  <testcase name="test13" time="0.015" classname="org.testngPrac.Class2"/>
  <testcase name="test14" time="0.000" classname="org.testngPrac.Class2"/>
  <testcase name="test11" time="0.032" classname="org.testngPrac.Class2"/>
  <testcase name="test11" time="0.015" classname="org.testngPrac.Class2"/>
  <testcase name="test12" time="0.000" classname="org.testngPrac.Class2"/>
  <testcase name="test11" time="0.019" classname="org.testngPrac.Class2"/>
</testsuite> <!-- org.testngPrac.Class2 -->
