<?xml version="1.0" encoding="UTF-8"?>
<!-- Generated by org.testng.reporters.JUnitReportReporter -->
<testsuite skipped="0" hostname="IN5CG5231V5S" name="org.testngPrac.Class1" tests="5" failures="0" timestamp="01 Feb 2019 06:42:35 GMT" time="0.031" errors="0">
  <testcase name="test1" time="0.000" classname="org.testngPrac.Class1"/>
  <testcase name="test2" time="0.000" classname="org.testngPrac.Class1"/>
  <testcase name="test1" time="0.016" classname="org.testngPrac.Class1"/>
  <testcase name="test3" time="0.000" classname="org.testngPrac.Class1"/>
  <testcase name="test1" time="0.015" classname="org.testngPrac.Class1"/>
</testsuite> <!-- org.testngPrac.Class1 -->
